\BOOKMARK [1][-]{section.1}{\376\377\000I\000n\000t\000r\000o\000d\000u\000c\000t\000i\000o\000n}{}% 1
\BOOKMARK [2][-]{subsection.1.1}{\376\377\000T\000h\000e\000\040\000P\000r\000o\000b\000l\000e\000m\000\040\000o\000f\000\040\000M\000a\000t\000h\000e\000m\000a\000t\000i\000c\000a\000l\000\040\000E\000f\000f\000e\000c\000t\000i\000v\000e\000n\000e\000s\000s}{section.1}% 2
\BOOKMARK [2][-]{subsection.1.2}{\376\377\000T\000h\000e\000\040\000O\000s\000c\000i\000l\000l\000a\000t\000o\000r\000y\000\040\000F\000o\000u\000n\000d\000a\000t\000i\000o\000n}{section.1}% 3
\BOOKMARK [2][-]{subsection.1.3}{\376\377\000S\000c\000o\000p\000e\000\040\000a\000n\000d\000\040\000S\000i\000g\000n\000i\000f\000i\000c\000a\000n\000c\000e}{section.1}% 4
\BOOKMARK [1][-]{section.2}{\376\377\000T\000h\000e\000o\000r\000e\000t\000i\000c\000a\000l\000\040\000F\000o\000u\000n\000d\000a\000t\000i\000o\000n}{}% 5
\BOOKMARK [2][-]{subsection.2.1}{\376\377\000M\000a\000t\000h\000e\000m\000a\000t\000i\000c\000a\000l\000\040\000N\000e\000c\000e\000s\000s\000i\000t\000y\000\040\000o\000f\000\040\000O\000s\000c\000i\000l\000l\000a\000t\000o\000r\000y\000\040\000E\000x\000i\000s\000t\000e\000n\000c\000e}{section.2}% 6
\BOOKMARK [2][-]{subsection.2.2}{\376\377\000T\000h\000e\000\040\000O\000s\000c\000i\000l\000l\000a\000t\000o\000r\000y\000\040\000S\000u\000b\000s\000t\000r\000a\000t\000e}{section.2}% 7
\BOOKMARK [2][-]{subsection.2.3}{\376\377\000S\000e\000l\000f\000-\000P\000r\000o\000p\000e\000l\000l\000i\000n\000g\000\040\000O\000s\000c\000i\000l\000l\000a\000t\000o\000r\000y\000\040\000S\000y\000s\000t\000e\000m\000s}{section.2}% 8
\BOOKMARK [1][-]{section.3}{\376\377\000M\000a\000t\000h\000e\000m\000a\000t\000i\000c\000s\000\040\000a\000s\000\040\000O\000s\000c\000i\000l\000l\000a\000t\000o\000r\000y\000\040\000S\000e\000l\000f\000-\000E\000x\000p\000r\000e\000s\000s\000i\000o\000n}{}% 9
\BOOKMARK [2][-]{subsection.3.1}{\376\377\000T\000h\000e\000\040\000I\000d\000e\000n\000t\000i\000t\000y\000\040\000o\000f\000\040\000M\000a\000t\000h\000e\000m\000a\000t\000i\000c\000s\000\040\000a\000n\000d\000\040\000P\000h\000y\000s\000i\000c\000s}{section.3}% 10
\BOOKMARK [2][-]{subsection.3.2}{\376\377\000N\000u\000m\000b\000e\000r\000s\000\040\000a\000s\000\040\000D\000e\000c\000o\000h\000e\000r\000e\000n\000c\000e\000\040\000D\000e\000f\000i\000n\000i\000t\000i\000o\000n\000s}{section.3}% 11
\BOOKMARK [2][-]{subsection.3.3}{\376\377\000M\000a\000t\000h\000e\000m\000a\000t\000i\000c\000a\000l\000\040\000I\000n\000f\000i\000n\000i\000t\000y\000\040\000a\000s\000\040\000N\000a\000t\000u\000r\000a\000l\000\040\000S\000t\000a\000t\000e}{section.3}% 12
\BOOKMARK [1][-]{section.4}{\376\377\000T\000h\000e\000\040\0009\0005\000\045\000/\0005\000\045\000\040\000C\000o\000s\000m\000o\000l\000o\000g\000i\000c\000a\000l\000\040\000S\000t\000r\000u\000c\000t\000u\000r\000e}{}% 13
\BOOKMARK [2][-]{subsection.4.1}{\376\377\000D\000a\000r\000k\000\040\000M\000a\000t\000t\000e\000r\000\040\000a\000s\000\040\000U\000n\000o\000c\000c\000u\000p\000i\000e\000d\000\040\000O\000s\000c\000i\000l\000l\000a\000t\000o\000r\000y\000\040\000M\000o\000d\000e\000s}{section.4}% 14
\BOOKMARK [2][-]{subsection.4.2}{\376\377\000M\000a\000t\000t\000e\000r\000\040\000C\000r\000e\000a\000t\000i\000o\000n\000\040\000f\000r\000o\000m\000\040\000O\000s\000c\000i\000l\000l\000a\000t\000o\000r\000y\000\040\000T\000e\000n\000s\000i\000o\000n}{section.4}% 15
\BOOKMARK [2][-]{subsection.4.3}{\376\377\000C\000o\000s\000m\000o\000l\000o\000g\000i\000c\000a\000l\000\040\000S\000e\000l\000f\000-\000R\000e\000g\000u\000l\000a\000t\000i\000o\000n}{section.4}% 16
\BOOKMARK [1][-]{section.5}{\376\377\000T\000i\000m\000e\000\040\000a\000s\000\040\000E\000m\000e\000r\000g\000e\000n\000t\000\040\000A\000p\000p\000r\000o\000x\000i\000m\000a\000t\000i\000o\000n\000\040\000S\000t\000r\000u\000c\000t\000u\000r\000e}{}% 17
\BOOKMARK [2][-]{subsection.5.1}{\376\377\000T\000h\000e\000\040\000N\000e\000c\000e\000s\000s\000i\000t\000y\000\040\000o\000f\000\040\000A\000p\000p\000r\000o\000x\000i\000m\000a\000t\000i\000o\000n\000\040\000f\000o\000r\000\040\000O\000b\000s\000e\000r\000v\000a\000t\000i\000o\000n}{section.5}% 18
\BOOKMARK [2][-]{subsection.5.2}{\376\377\000T\000i\000m\000e\000\040\000a\000s\000\040\000M\000a\000t\000h\000e\000m\000a\000t\000i\000c\000a\000l\000\040\000A\000p\000p\000r\000o\000x\000i\000m\000a\000t\000i\000o\000n\000\040\000S\000t\000r\000u\000c\000t\000u\000r\000e}{section.5}% 19
\BOOKMARK [2][-]{subsection.5.3}{\376\377\000T\000i\000m\000e\000-\000M\000a\000t\000h\000e\000m\000a\000t\000i\000c\000s\000\040\000U\000n\000i\000t\000y}{section.5}% 20
\BOOKMARK [1][-]{section.6}{\376\377\000U\000n\000i\000f\000i\000e\000d\000\040\000F\000i\000e\000l\000d\000\040\000T\000h\000e\000o\000r\000y}{}% 21
\BOOKMARK [2][-]{subsection.6.1}{\376\377\000T\000h\000e\000\040\000F\000o\000u\000r\000\040\000F\000u\000n\000d\000a\000m\000e\000n\000t\000a\000l\000\040\000A\000s\000p\000e\000c\000t\000s}{section.6}% 22
\BOOKMARK [2][-]{subsection.6.2}{\376\377\000F\000i\000e\000l\000d\000\040\000E\000q\000u\000a\000t\000i\000o\000n\000s}{section.6}% 23
\BOOKMARK [2][-]{subsection.6.3}{\376\377\000C\000o\000n\000s\000e\000r\000v\000a\000t\000i\000o\000n\000\040\000L\000a\000w\000s}{section.6}% 24
\BOOKMARK [1][-]{section.7}{\376\377\000C\000o\000s\000m\000o\000l\000o\000g\000i\000c\000a\000l\000\040\000I\000m\000p\000l\000i\000c\000a\000t\000i\000o\000n\000s}{}% 25
\BOOKMARK [2][-]{subsection.7.1}{\376\377\000T\000h\000e\000\040\000C\000y\000c\000l\000i\000c\000\040\000U\000n\000i\000v\000e\000r\000s\000e}{section.7}% 26
\BOOKMARK [2][-]{subsection.7.2}{\376\377\000R\000e\000s\000o\000l\000u\000t\000i\000o\000n\000\040\000o\000f\000\040\000C\000o\000s\000m\000o\000l\000o\000g\000i\000c\000a\000l\000\040\000P\000r\000o\000b\000l\000e\000m\000s}{section.7}% 27
\BOOKMARK [1][-]{section.8}{\376\377\000Q\000u\000a\000n\000t\000u\000m\000-\000C\000l\000a\000s\000s\000i\000c\000a\000l\000\040\000U\000n\000i\000f\000i\000c\000a\000t\000i\000o\000n}{}% 28
\BOOKMARK [2][-]{subsection.8.1}{\376\377\000Q\000u\000a\000n\000t\000u\000m\000\040\000M\000e\000c\000h\000a\000n\000i\000c\000s\000\040\000a\000s\000\040\000C\000o\000h\000e\000r\000e\000n\000t\000\040\000O\000s\000c\000i\000l\000l\000a\000t\000o\000r\000y\000\040\000D\000y\000n\000a\000m\000i\000c\000s}{section.8}% 29
\BOOKMARK [2][-]{subsection.8.2}{\376\377\000C\000l\000a\000s\000s\000i\000c\000a\000l\000\040\000M\000e\000c\000h\000a\000n\000i\000c\000s\000\040\000a\000s\000\040\000I\000n\000c\000o\000h\000e\000r\000e\000n\000t\000\040\000O\000s\000c\000i\000l\000l\000a\000t\000o\000r\000y\000\040\000D\000y\000n\000a\000m\000i\000c\000s}{section.8}% 30
\BOOKMARK [2][-]{subsection.8.3}{\376\377\000T\000h\000e\000\040\000M\000e\000a\000s\000u\000r\000e\000m\000e\000n\000t\000\040\000P\000r\000o\000b\000l\000e\000m\000\040\000R\000e\000s\000o\000l\000u\000t\000i\000o\000n}{section.8}% 31
\BOOKMARK [1][-]{section.9}{\376\377\000C\000o\000n\000s\000c\000i\000o\000u\000s\000n\000e\000s\000s\000\040\000a\000n\000d\000\040\000O\000b\000s\000e\000r\000v\000e\000r\000\040\000E\000f\000f\000e\000c\000t\000s}{}% 32
\BOOKMARK [2][-]{subsection.9.1}{\376\377\000C\000o\000n\000s\000c\000i\000o\000u\000s\000n\000e\000s\000s\000\040\000a\000s\000\040\000O\000s\000c\000i\000l\000l\000a\000t\000o\000r\000y\000\040\000P\000a\000t\000t\000e\000r\000n\000\040\000R\000e\000c\000o\000g\000n\000i\000t\000i\000o\000n}{section.9}% 33
\BOOKMARK [2][-]{subsection.9.2}{\376\377\000O\000b\000s\000e\000r\000v\000e\000r\000-\000C\000r\000e\000a\000t\000e\000d\000\040\000R\000e\000a\000l\000i\000t\000y}{section.9}% 34
\BOOKMARK [1][-]{section.10}{\376\377\000T\000e\000m\000p\000o\000r\000a\000l\000\040\000P\000r\000e\000d\000i\000c\000t\000i\000o\000n\000\040\000a\000n\000d\000\040\000C\000a\000l\000c\000u\000l\000a\000t\000i\000o\000n}{}% 35
\BOOKMARK [2][-]{subsection.10.1}{\376\377\000C\000o\000m\000p\000u\000t\000a\000t\000i\000o\000n\000a\000l\000\040\000F\000e\000a\000s\000i\000b\000i\000l\000i\000t\000y\000\040\000o\000f\000\040\000F\000u\000t\000u\000r\000e\000\040\000T\000i\000m\000e\000\040\000C\000a\000l\000c\000u\000l\000a\000t\000i\000o\000n}{section.10}% 36
\BOOKMARK [2][-]{subsection.10.2}{\376\377\000S\000e\000q\000u\000e\000n\000t\000i\000a\000l\000\040\000O\000b\000s\000e\000r\000v\000a\000t\000i\000o\000n\000\040\000a\000n\000d\000\040\000C\000o\000m\000p\000u\000t\000a\000t\000i\000o\000n\000a\000l\000\040\000R\000e\000d\000u\000c\000t\000i\000o\000n}{section.10}% 37
\BOOKMARK [2][-]{subsection.10.3}{\376\377\000T\000h\000e\000\040\000C\000o\000m\000p\000u\000t\000a\000t\000i\000o\000n\000a\000l\000\040\000N\000e\000c\000e\000s\000s\000i\000t\000y\000\040\000o\000f\000\040\000A\000p\000p\000r\000o\000x\000i\000m\000a\000t\000i\000o\000n}{section.10}% 38
\BOOKMARK [2][-]{subsection.10.4}{\376\377\000T\000h\000e\000\040\000U\000n\000i\000v\000e\000r\000s\000a\000l\000\040\000A\000p\000p\000r\000o\000x\000i\000m\000a\000t\000i\000o\000n\000\040\000P\000r\000i\000n\000c\000i\000p\000l\000e}{section.10}% 39
\BOOKMARK [2][-]{subsection.10.5}{\376\377\000I\000m\000p\000l\000i\000c\000a\000t\000i\000o\000n\000s\000\040\000f\000o\000r\000\040\000O\000s\000c\000i\000l\000l\000a\000t\000o\000r\000y\000\040\000R\000e\000a\000l\000i\000t\000y}{section.10}% 40
\BOOKMARK [2][-]{subsection.10.6}{\376\377\000T\000h\000e\000\040\000"\000N\000o\000t\000h\000i\000n\000g\000\040\000N\000e\000w\000"\000\040\000C\000o\000m\000p\000u\000t\000a\000t\000i\000o\000n\000a\000l\000\040\000P\000r\000i\000n\000c\000i\000p\000l\000e}{section.10}% 41
\BOOKMARK [2][-]{subsection.10.7}{\376\377\000P\000r\000o\000g\000r\000e\000s\000s\000\040\000T\000h\000r\000o\000u\000g\000h\000\040\000P\000a\000t\000t\000e\000r\000n\000\040\000R\000e\000c\000o\000g\000n\000i\000t\000i\000o\000n}{section.10}% 42
\BOOKMARK [2][-]{subsection.10.8}{\376\377\000T\000h\000e\000\040\000O\000s\000c\000i\000l\000l\000a\000t\000o\000r\000y\000\040\000U\000n\000i\000v\000e\000r\000s\000a\000l\000i\000t\000y\000\040\000o\000f\000\040\000P\000a\000t\000t\000e\000r\000n\000s}{section.10}% 43
\BOOKMARK [2][-]{subsection.10.9}{\376\377\000I\000m\000p\000l\000i\000c\000a\000t\000i\000o\000n\000s\000\040\000f\000o\000r\000\040\000C\000o\000n\000s\000c\000i\000o\000u\000s\000n\000e\000s\000s\000\040\000a\000n\000d\000\040\000R\000e\000a\000l\000i\000t\000y}{section.10}% 44
\BOOKMARK [2][-]{subsection.10.10}{\376\377\000T\000h\000e\000\040\000U\000l\000t\000i\000m\000a\000t\000e\000\040\000E\000x\000t\000e\000n\000s\000i\000o\000n\000:\000\040\000C\000o\000s\000m\000i\000c\000\040\000F\000o\000r\000g\000e\000t\000t\000i\000n\000g}{section.10}% 45
\BOOKMARK [2][-]{subsection.10.11}{\376\377\000T\000h\000e\000\040\000P\000a\000r\000a\000d\000o\000x\000\040\000o\000f\000\040\000M\000e\000a\000n\000i\000n\000g\000f\000u\000l\000\040\000C\000o\000m\000p\000u\000t\000a\000t\000i\000o\000n\000a\000l\000\040\000E\000f\000f\000i\000c\000i\000e\000n\000c\000y}{section.10}% 46
\BOOKMARK [2][-]{subsection.10.12}{\376\377\000T\000h\000e\000\040\000D\000e\000e\000p\000\040\000P\000e\000a\000c\000e\000\040\000o\000f\000\040\000O\000s\000c\000i\000l\000l\000a\000t\000o\000r\000y\000\040\000I\000m\000p\000e\000r\000m\000a\000n\000e\000n\000c\000e}{section.10}% 47
\BOOKMARK [2][-]{subsection.10.13}{\376\377\000T\000h\000e\000\040\000M\000a\000t\000h\000e\000m\000a\000t\000i\000c\000a\000l\000\040\000T\000h\000e\000o\000l\000o\000g\000y\000\040\000o\000f\000\040\000O\000s\000c\000i\000l\000l\000a\000t\000o\000r\000y\000\040\000R\000e\000a\000l\000i\000t\000y}{section.10}% 48
\BOOKMARK [1][-]{section.11}{\376\377\000C\000a\000t\000e\000g\000o\000r\000i\000c\000a\000l\000\040\000P\000r\000e\000d\000e\000t\000e\000r\000m\000i\000n\000i\000s\000m\000:\000\040\000T\000h\000e\000\040\000U\000l\000t\000i\000m\000a\000t\000e\000\040\000I\000m\000p\000l\000i\000c\000a\000t\000i\000o\000n}{}% 49
\BOOKMARK [2][-]{subsection.11.1}{\376\377\000F\000r\000o\000m\000\040\000O\000s\000c\000i\000l\000l\000a\000t\000o\000r\000y\000\040\000N\000e\000c\000e\000s\000s\000i\000t\000y\000\040\000t\000o\000\040\000C\000a\000t\000e\000g\000o\000r\000i\000c\000a\000l\000\040\000C\000o\000m\000p\000l\000e\000t\000i\000o\000n}{section.11}% 50
\BOOKMARK [2][-]{subsection.11.2}{\376\377\000T\000h\000e\000\040\000P\000a\000r\000a\000d\000o\000x\000\040\000o\000f\000\040\000E\000x\000p\000e\000c\000t\000e\000d\000\040\000S\000u\000r\000p\000r\000i\000s\000e\000\040\000i\000n\000\040\000O\000s\000c\000i\000l\000l\000a\000t\000o\000r\000y\000\040\000R\000e\000a\000l\000i\000t\000y}{section.11}% 51
\BOOKMARK [2][-]{subsection.11.3}{\376\377\000O\000s\000c\000i\000l\000l\000a\000t\000o\000r\000y\000\040\000F\000r\000e\000e\000\040\000W\000i\000l\000l\000\040\000a\000n\000d\000\040\000P\000r\000e\000d\000e\000t\000e\000r\000m\000i\000n\000e\000d\000\040\000C\000a\000t\000e\000g\000o\000r\000i\000e\000s}{section.11}% 52
\BOOKMARK [2][-]{subsection.11.4}{\376\377\000T\000h\000e\000\040\000T\000h\000e\000r\000m\000o\000d\000y\000n\000a\000m\000i\000c\000\040\000N\000e\000c\000e\000s\000s\000i\000t\000y\000\040\000o\000f\000\040\000O\000s\000c\000i\000l\000l\000a\000t\000o\000r\000y\000\040\000P\000a\000t\000t\000e\000r\000n\000s}{section.11}% 53
\BOOKMARK [2][-]{subsection.11.5}{\376\377\000T\000h\000e\000\040\000P\000r\000e\000d\000e\000t\000e\000r\000m\000i\000n\000e\000d\000\040\000P\000a\000t\000h\000\040\000T\000h\000r\000o\000u\000g\000h\000\040\000O\000s\000c\000i\000l\000l\000a\000t\000o\000r\000y\000\040\000R\000e\000a\000l\000i\000t\000y}{section.11}% 54
\BOOKMARK [2][-]{subsection.11.6}{\376\377\000T\000h\000e\000\040\000U\000l\000t\000i\000m\000a\000t\000e\000\040\000S\000y\000n\000t\000h\000e\000s\000i\000s}{section.11}% 55
\BOOKMARK [2][-]{subsection.11.7}{\376\377\000T\000h\000e\000\040\000P\000r\000e\000d\000e\000t\000e\000r\000m\000i\000n\000e\000d\000\040\000D\000i\000s\000c\000o\000v\000e\000r\000y\000\040\000o\000f\000\040\000T\000h\000i\000s\000\040\000F\000r\000a\000m\000e\000w\000o\000r\000k}{section.11}% 56
\BOOKMARK [1][-]{section.12}{\376\377\000T\000h\000e\000\040\000E\000x\000i\000s\000t\000e\000n\000c\000e\000\040\000P\000a\000r\000a\000d\000o\000x\000:\000\040\000T\000h\000e\000\040\000U\000l\000t\000i\000m\000a\000t\000e\000\040\000P\000r\000o\000o\000f\000\040\000o\000f\000\040\000D\000e\000t\000e\000r\000m\000i\000n\000i\000s\000m}{}% 57
\BOOKMARK [2][-]{subsection.12.1}{\376\377\000T\000h\000e\000\040\000U\000n\000i\000v\000e\000r\000s\000a\000l\000\040\000D\000i\000s\000s\000a\000t\000i\000s\000f\000a\000c\000t\000i\000o\000n\000\040\000P\000r\000i\000n\000c\000i\000p\000l\000e}{section.12}% 58
\BOOKMARK [2][-]{subsection.12.2}{\376\377\000T\000h\000e\000\040\000F\000o\000r\000m\000a\000l\000\040\000S\000t\000r\000u\000c\000t\000u\000r\000e\000\040\000o\000f\000\040\000t\000h\000e\000\040\000E\000x\000i\000s\000t\000e\000n\000c\000e\000\040\000P\000a\000r\000a\000d\000o\000x}{section.12}% 59
\BOOKMARK [2][-]{subsection.12.3}{\376\377\000T\000h\000e\000\040\000C\000r\000i\000t\000i\000c\000a\000l\000\040\000I\000n\000s\000i\000g\000h\000t\000:\000\040\000C\000o\000n\000s\000t\000r\000a\000i\000n\000t\000s\000\040\000E\000n\000a\000b\000l\000e\000\040\000E\000x\000i\000s\000t\000e\000n\000c\000e}{section.12}% 60
\BOOKMARK [2][-]{subsection.12.4}{\376\377\000E\000m\000p\000i\000r\000i\000c\000a\000l\000\040\000V\000a\000l\000i\000d\000a\000t\000i\000o\000n\000:\000\040\000C\000o\000m\000p\000l\000e\000x\000\040\000T\000e\000c\000h\000n\000o\000l\000o\000g\000i\000e\000s\000\040\000a\000s\000\040\000P\000r\000o\000o\000f}{section.12}% 61
\BOOKMARK [2][-]{subsection.12.5}{\376\377\000I\000n\000t\000e\000g\000r\000a\000t\000i\000o\000n\000\040\000w\000i\000t\000h\000\040\000O\000s\000c\000i\000l\000l\000a\000t\000o\000r\000y\000\040\000F\000r\000a\000m\000e\000w\000o\000r\000k}{section.12}% 62
\BOOKMARK [2][-]{subsection.12.6}{\376\377\000T\000h\000e\000\040\000M\000a\000t\000h\000e\000m\000a\000t\000i\000c\000a\000l\000\040\000F\000o\000r\000m\000a\000l\000i\000z\000a\000t\000i\000o\000n}{section.12}% 63
\BOOKMARK [2][-]{subsection.12.7}{\376\377\000T\000h\000e\000\040\000U\000l\000t\000i\000m\000a\000t\000e\000\040\000S\000y\000n\000t\000h\000e\000s\000i\000s}{section.12}% 64
\BOOKMARK [2][-]{subsection.12.8}{\376\377\000T\000h\000e\000\040\000P\000r\000o\000f\000o\000u\000n\000d\000\040\000C\000o\000n\000c\000l\000u\000s\000i\000o\000n}{section.12}% 65
\BOOKMARK [1][-]{section.13}{\376\377\000T\000e\000m\000p\000o\000r\000a\000l\000\040\000D\000e\000t\000e\000r\000m\000i\000n\000i\000s\000m\000:\000\040\000T\000h\000e\000\040\000M\000a\000t\000h\000e\000m\000a\000t\000i\000c\000a\000l\000\040\000P\000r\000o\000o\000f\000\040\000T\000h\000a\000t\000\040\000t\000h\000e\000\040\000F\000u\000t\000u\000r\000e\000\040\000H\000a\000s\000\040\000A\000l\000r\000e\000a\000d\000y\000\040\000H\000a\000p\000p\000e\000n\000e\000d}{}% 66
\BOOKMARK [2][-]{subsection.13.1}{\376\377\000I\000n\000t\000r\000o\000d\000u\000c\000t\000i\000o\000n\000:\000\040\000F\000r\000o\000m\000\040\000P\000h\000i\000l\000o\000s\000o\000p\000h\000i\000c\000a\000l\000\040\000S\000p\000e\000c\000u\000l\000a\000t\000i\000o\000n\000\040\000t\000o\000\040\000M\000a\000t\000h\000e\000m\000a\000t\000i\000c\000a\000l\000\040\000N\000e\000c\000e\000s\000s\000i\000t\000y}{section.13}% 67
\BOOKMARK [2][-]{subsection.13.2}{\376\377\000A\000r\000g\000u\000m\000e\000n\000t\000\040\000I\000:\000\040\000T\000h\000e\000\040\000C\000o\000m\000p\000u\000t\000a\000t\000i\000o\000n\000a\000l\000\040\000I\000m\000p\000o\000s\000s\000i\000b\000i\000l\000i\000t\000y\000\040\000o\000f\000\040\000R\000e\000a\000l\000-\000T\000i\000m\000e\000\040\000R\000e\000a\000l\000i\000t\000y}{section.13}% 68
\BOOKMARK [2][-]{subsection.13.3}{\376\377\000A\000r\000g\000u\000m\000e\000n\000t\000\040\000I\000I\000:\000\040\000G\000e\000o\000m\000e\000t\000r\000i\000c\000\040\000C\000o\000h\000e\000r\000e\000n\000c\000e\000\040\000a\000n\000d\000\040\000T\000e\000m\000p\000o\000r\000a\000l\000\040\000N\000e\000c\000e\000s\000s\000i\000t\000y}{section.13}% 69
\BOOKMARK [2][-]{subsection.13.4}{\376\377\000A\000r\000g\000u\000m\000e\000n\000t\000\040\000I\000I\000I\000:\000\040\000S\000i\000m\000u\000l\000a\000t\000i\000o\000n\000\040\000C\000o\000n\000v\000e\000r\000g\000e\000n\000c\000e\000\040\000a\000n\000d\000\040\000T\000e\000m\000p\000o\000r\000a\000l\000\040\000I\000n\000f\000o\000r\000m\000a\000t\000i\000o\000n\000\040\000C\000o\000l\000l\000a\000p\000s\000e}{section.13}% 70
\BOOKMARK [2][-]{subsection.13.5}{\376\377\000I\000n\000t\000e\000g\000r\000a\000t\000i\000o\000n\000:\000\040\000T\000h\000e\000\040\000M\000a\000s\000t\000e\000r\000\040\000T\000h\000e\000o\000r\000e\000m\000\040\000o\000f\000\040\000T\000e\000m\000p\000o\000r\000a\000l\000\040\000P\000r\000e\000d\000e\000t\000e\000r\000m\000i\000n\000a\000t\000i\000o\000n}{section.13}% 71
\BOOKMARK [2][-]{subsection.13.6}{\376\377\000E\000x\000p\000e\000r\000i\000m\000e\000n\000t\000a\000l\000\040\000V\000a\000l\000i\000d\000a\000t\000i\000o\000n\000\040\000a\000n\000d\000\040\000T\000e\000s\000t\000a\000b\000l\000e\000\040\000P\000r\000e\000d\000i\000c\000t\000i\000o\000n\000s}{section.13}% 72
\BOOKMARK [2][-]{subsection.13.7}{\376\377\000I\000n\000t\000e\000g\000r\000a\000t\000i\000o\000n\000\040\000w\000i\000t\000h\000\040\000A\000c\000h\000i\000e\000v\000e\000m\000e\000n\000t\000\040\000T\000h\000e\000o\000r\000y}{section.13}% 73
\BOOKMARK [2][-]{subsection.13.8}{\376\377\000R\000e\000s\000p\000o\000n\000s\000e\000\040\000t\000o\000\040\000S\000t\000a\000n\000d\000a\000r\000d\000\040\000O\000b\000j\000e\000c\000t\000i\000o\000n\000s}{section.13}% 74
\BOOKMARK [2][-]{subsection.13.9}{\376\377\000T\000h\000e\000\040\000U\000l\000t\000i\000m\000a\000t\000e\000\040\000S\000y\000n\000t\000h\000e\000s\000i\000s}{section.13}% 75
\BOOKMARK [2][-]{subsection.13.10}{\376\377\000T\000h\000e\000\040\000P\000r\000o\000f\000o\000u\000n\000d\000\040\000C\000o\000n\000c\000l\000u\000s\000i\000o\000n}{section.13}% 76
\BOOKMARK [2][-]{subsection.13.11}{\376\377\000O\000b\000s\000e\000r\000v\000a\000t\000i\000o\000n\000a\000l\000\040\000S\000t\000a\000t\000e\000-\000T\000e\000m\000p\000o\000r\000a\000l\000\040\000C\000o\000o\000r\000d\000i\000n\000a\000t\000e\000\040\000M\000a\000p\000p\000i\000n\000g}{section.13}% 77
\BOOKMARK [2][-]{subsection.13.12}{\376\377\000T\000e\000m\000p\000o\000r\000a\000l\000\040\000P\000r\000e\000d\000i\000c\000t\000i\000o\000n\000\040\000A\000l\000g\000o\000r\000i\000t\000h\000m}{section.13}% 78
\BOOKMARK [2][-]{subsection.13.13}{\376\377\000I\000m\000p\000l\000i\000c\000a\000t\000i\000o\000n\000s\000\040\000f\000o\000r\000\040\000T\000e\000m\000p\000o\000r\000a\000l\000\040\000E\000n\000g\000i\000n\000e\000e\000r\000i\000n\000g}{section.13}% 79
\BOOKMARK [1][-]{section.14}{\376\377\000E\000x\000p\000e\000r\000i\000m\000e\000n\000t\000a\000l\000\040\000P\000r\000e\000d\000i\000c\000t\000i\000o\000n\000s\000\040\000a\000n\000d\000\040\000V\000a\000l\000i\000d\000a\000t\000i\000o\000n}{}% 80
\BOOKMARK [2][-]{subsection.14.1}{\376\377\000T\000e\000s\000t\000a\000b\000l\000e\000\040\000P\000r\000e\000d\000i\000c\000t\000i\000o\000n\000s}{section.14}% 81
\BOOKMARK [2][-]{subsection.14.2}{\376\377\000V\000a\000l\000i\000d\000a\000t\000i\000o\000n\000\040\000F\000r\000a\000m\000e\000w\000o\000r\000k}{section.14}% 82
\BOOKMARK [1][-]{section.15}{\376\377\000P\000h\000i\000l\000o\000s\000o\000p\000h\000i\000c\000a\000l\000\040\000I\000m\000p\000l\000i\000c\000a\000t\000i\000o\000n\000s}{}% 83
\BOOKMARK [2][-]{subsection.15.1}{\376\377\000T\000h\000e\000\040\000N\000a\000t\000u\000r\000e\000\040\000o\000f\000\040\000E\000x\000i\000s\000t\000e\000n\000c\000e}{section.15}% 84
\BOOKMARK [2][-]{subsection.15.2}{\376\377\000T\000h\000e\000\040\000A\000n\000s\000w\000e\000r\000\040\000t\000o\000\040\000U\000l\000t\000i\000m\000a\000t\000e\000\040\000Q\000u\000e\000s\000t\000i\000o\000n\000s}{section.15}% 85
\BOOKMARK [1][-]{section.16}{\376\377\000C\000o\000n\000c\000l\000u\000s\000i\000o\000n\000s}{}% 86
\BOOKMARK [2][-]{subsection.16.1}{\376\377\000T\000h\000e\000\040\000U\000n\000i\000f\000i\000e\000d\000\040\000F\000o\000u\000n\000d\000a\000t\000i\000o\000n}{section.16}% 87
\BOOKMARK [2][-]{subsection.16.2}{\376\377\000T\000h\000e\000\040\000N\000e\000c\000e\000s\000s\000i\000t\000y\000\040\000o\000f\000\040\000O\000s\000c\000i\000l\000l\000a\000t\000o\000r\000y\000\040\000R\000e\000a\000l\000i\000t\000y}{section.16}% 88
\BOOKMARK [2][-]{subsection.16.3}{\376\377\000T\000h\000e\000\040\000F\000u\000t\000u\000r\000e\000\040\000o\000f\000\040\000S\000c\000i\000e\000n\000c\000e}{section.16}% 89
\BOOKMARK [2][-]{subsection.16.4}{\376\377\000T\000h\000e\000\040\000U\000l\000t\000i\000m\000a\000t\000e\000\040\000S\000i\000g\000n\000i\000f\000i\000c\000a\000n\000c\000e}{section.16}% 90
